# JRE version: Java(TM) SE Runtime Environment (8.0_77-b03) (build 1.8.0_77-b03)
# Java VM: Java HotSpot(TM) 64-Bit Server VM (25.77-b03 mixed mode linux-amd64 compressed oops)
Heap:
 PSYoungGen      total 1017344K, used 362948K [0x0000000742b00000, 0x0000000786c00000, 0x00000007c0000000)
  eden space 944128K, 38% used [0x0000000742b00000,0x0000000758d711c8,0x000000077c500000)
  from space 73216K, 0% used [0x0000000782480000,0x0000000782480000,0x0000000786c00000)
  to   space 85504K, 0% used [0x000000077c500000,0x000000077c500000,0x0000000781880000)
 ParOldGen       total 326144K, used 77654K [0x0000000648000000, 0x000000065be80000, 0x0000000742b00000)
  object space 326144K, 23% used [0x0000000648000000,0x000000064cbd5bf8,0x000000065be80000)
 Metaspace       used 64234K, capacity 65254K, committed 65428K, reserved 1107968K
  class space    used 7300K, capacity 7543K, committed 7612K, reserved 1048576K
GC Heap History (10 events):
Event: 8,193 GC heap before
{Heap before GC invocations=11 (full 1):
 PSYoungGen      total 571904K, used 571879K [0x0000000742b00000, 0x0000000777c00000, 0x00000007c0000000)
  eden space 510976K, 100% used [0x0000000742b00000,0x0000000761e00000,0x0000000761e00000)
  from space 60928K, 99% used [0x0000000761e00000,0x0000000765979cd8,0x0000000765980000)
  to   space 79872K, 0% used [0x0000000772e00000,0x0000000772e00000,0x0000000777c00000)
 ParOldGen       total 175616K, used 97787K [0x0000000648000000, 0x0000000652b80000, 0x0000000742b00000)
  object space 175616K, 55% used [0x0000000648000000,0x000000064df7ee28,0x0000000652b80000)
 Metaspace       used 27678K, capacity 28318K, committed 28544K, reserved 1075200K
  class space    used 3147K, capacity 3329K, committed 3456K, reserved 1048576K
Event: 8,224 GC heap after
Heap after GC invocations=11 (full 1):
 PSYoungGen      total 781312K, used 70149K [0x0000000742b00000, 0x0000000778780000, 0x00000007c0000000)
  eden space 701440K, 0% used [0x0000000742b00000,0x0000000742b00000,0x000000076d800000)
  from space 79872K, 87% used [0x0000000772e00000,0x0000000777281510,0x0000000777c00000)
  to   space 88064K, 0% used [0x000000076d800000,0x000000076d800000,0x0000000772e00000)
 ParOldGen       total 175616K, used 103039K [0x0000000648000000, 0x0000000652b80000, 0x0000000742b00000)
  object space 175616K, 58% used [0x0000000648000000,0x000000064e49fd50,0x0000000652b80000)
 Metaspace       used 27678K, capacity 28318K, committed 28544K, reserved 1075200K
  class space    used 3147K, capacity 3329K, committed 3456K, reserved 1048576K
}
Event: 8,865 GC heap before
{Heap before GC invocations=12 (full 1):
 PSYoungGen      total 781312K, used 187582K [0x0000000742b00000, 0x0000000778780000, 0x00000007c0000000)
  eden space 701440K, 16% used [0x0000000742b00000,0x0000000749dae4c8,0x000000076d800000)
  from space 79872K, 87% used [0x0000000772e00000,0x0000000777281510,0x0000000777c00000)
  to   space 88064K, 0% used [0x000000076d800000,0x000000076d800000,0x0000000772e00000)
 ParOldGen       total 175616K, used 103039K [0x0000000648000000, 0x0000000652b80000, 0x0000000742b00000)
  object space 175616K, 58% used [0x0000000648000000,0x000000064e49fd50,0x0000000652b80000)
 Metaspace       used 34709K, capacity 35282K, committed 35416K, reserved 1081344K
  class space    used 4045K, capacity 4197K, committed 4224K, reserved 1048576K
Event: 8,877 GC heap after
Heap after GC invocations=12 (full 1):
 PSYoungGen      total 789504K, used 6592K [0x0000000742b00000, 0x0000000787b00000, 0x00000007c0000000)
  eden space 701440K, 0% used [0x0000000742b00000,0x0000000742b00000,0x000000076d800000)
  from space 88064K, 7% used [0x000000076d800000,0x000000076de70230,0x0000000772e00000)
  to   space 88576K, 0% used [0x0000000782480000,0x0000000782480000,0x0000000787b00000)
 ParOldGen       total 175616K, used 111907K [0x0000000648000000, 0x0000000652b80000, 0x0000000742b00000)
  object space 175616K, 63% used [0x0000000648000000,0x000000064ed48e18,0x0000000652b80000)
 Metaspace       used 34709K, capacity 35282K, committed 35416K, reserved 1081344K
  class space    used 4045K, capacity 4197K, committed 4224K, reserved 1048576K
}
Event: 8,877 GC heap before
{Heap before GC invocations=13 (full 2):
 PSYoungGen      total 789504K, used 6592K [0x0000000742b00000, 0x0000000787b00000, 0x00000007c0000000)
  eden space 701440K, 0% used [0x0000000742b00000,0x0000000742b00000,0x000000076d800000)
  from space 88064K, 7% used [0x000000076d800000,0x000000076de70230,0x0000000772e00000)
  to   space 88576K, 0% used [0x0000000782480000,0x0000000782480000,0x0000000787b00000)
 ParOldGen       total 175616K, used 111907K [0x0000000648000000, 0x0000000652b80000, 0x0000000742b00000)
  object space 175616K, 63% used [0x0000000648000000,0x000000064ed48e18,0x0000000652b80000)
 Metaspace       used 34709K, capacity 35282K, committed 35416K, reserved 1081344K
  class space    used 4045K, capacity 4197K, committed 4224K, reserved 1048576K
Event: 8,967 GC heap after
Heap after GC invocations=13 (full 2):
 PSYoungGen      total 789504K, used 0K [0x0000000742b00000, 0x0000000787b00000, 0x00000007c0000000)
  eden space 701440K, 0% used [0x0000000742b00000,0x0000000742b00000,0x000000076d800000)
  from space 88064K, 0% used [0x000000076d800000,0x000000076d800000,0x0000000772e00000)
  to   space 88576K, 0% used [0x0000000782480000,0x0000000782480000,0x0000000787b00000)
 ParOldGen       total 254464K, used 55804K [0x0000000648000000, 0x0000000657880000, 0x0000000742b00000)
  object space 254464K, 21% used [0x0000000648000000,0x000000064b67f0b8,0x0000000657880000)
 Metaspace       used 34693K, capacity 35264K, committed 35416K, reserved 1081344K
  class space    used 4043K, capacity 4195K, committed 4224K, reserved 1048576K
}
Event: 16,142 GC heap before
{Heap before GC invocations=14 (full 2):
 PSYoungGen      total 789504K, used 684291K [0x0000000742b00000, 0x0000000787b00000, 0x00000007c0000000)
  eden space 701440K, 97% used [0x0000000742b00000,0x000000076c740f28,0x000000076d800000)
  from space 88064K, 0% used [0x000000076d800000,0x000000076d800000,0x0000000772e00000)
  to   space 88576K, 0% used [0x0000000782480000,0x0000000782480000,0x0000000787b00000)
 ParOldGen       total 254464K, used 55804K [0x0000000648000000, 0x0000000657880000, 0x0000000742b00000)
  object space 254464K, 21% used [0x0000000648000000,0x000000064b67f0b8,0x0000000657880000)
 Metaspace       used 57883K, capacity 58732K, committed 59028K, reserved 1101824K
  class space    used 6813K, capacity 7045K, committed 7100K, reserved 1048576K
Event: 16,171 GC heap after
Heap after GC invocations=14 (full 2):
 PSYoungGen      total 1017344K, used 40487K [0x0000000742b00000, 0x0000000786c00000, 0x00000007c0000000)
  eden space 944128K, 0% used [0x0000000742b00000,0x0000000742b00000,0x000000077c500000)
  from space 73216K, 55% used [0x0000000782480000,0x0000000784c09ea8,0x0000000786c00000)
  to   space 85504K, 0% used [0x000000077c500000,0x000000077c500000,0x0000000781880000)
 ParOldGen       total 254464K, used 55839K [0x0000000648000000, 0x0000000657880000, 0x0000000742b00000)
  object space 254464K, 21% used [0x0000000648000000,0x000000064b687d08,0x0000000657880000)
 Metaspace       used 57883K, capacity 58732K, committed 59028K, reserved 1101824K
  class space    used 6813K, capacity 7045K, committed 7100K, reserved 1048576K
}
Event: 16,171 GC heap before
{Heap before GC invocations=15 (full 3):
 PSYoungGen      total 1017344K, used 40487K [0x0000000742b00000, 0x0000000786c00000, 0x00000007c0000000)
  eden space 944128K, 0% used [0x0000000742b00000,0x0000000742b00000,0x000000077c500000)
  from space 73216K, 55% used [0x0000000782480000,0x0000000784c09ea8,0x0000000786c00000)
  to   space 85504K, 0% used [0x000000077c500000,0x000000077c500000,0x0000000781880000)
 ParOldGen       total 254464K, used 55839K [0x0000000648000000, 0x0000000657880000, 0x0000000742b00000)
  object space 254464K, 21% used [0x0000000648000000,0x000000064b687d08,0x0000000657880000)
 Metaspace       used 57883K, capacity 58732K, committed 59028K, reserved 1101824K
  class space    used 6813K, capacity 7045K, committed 7100K, reserved 1048576K
Event: 16,430 GC heap after
Heap after GC invocations=15 (full 3):
 PSYoungGen      total 1017344K, used 0K [0x0000000742b00000, 0x0000000786c00000, 0x00000007c0000000)
  eden space 944128K, 0% used [0x0000000742b00000,0x0000000742b00000,0x000000077c500000)
  from space 73216K, 0% used [0x0000000782480000,0x0000000782480000,0x0000000786c00000)
  to   space 85504K, 0% used [0x000000077c500000,0x000000077c500000,0x0000000781880000)
 ParOldGen       total 326144K, used 77654K [0x0000000648000000, 0x000000065be80000, 0x0000000742b00000)
  object space 326144K, 23% used [0x0000000648000000,0x000000064cbd5bf8,0x000000065be80000)
 Metaspace       used 57883K, capacity 58732K, committed 59028K, reserved 1101824K
  class space    used 6813K, capacity 7045K, committed 7100K, reserved 1048576K
}

